{
  "RSpec": {
    "coverage": {
      "/mnt/c/Users/user/Documents/Eventure/require_app.rb": {
        "lines": [
          null,
          null,
          1,
          1,
          7,
          null
        ]
      },
      "/mnt/c/Users/user/Documents/Eventure/config/environment.rb": {
        "lines": [
          null,
          null,
          1,
          1,
          null,
          1,
          1,
          1,
          0,
          null,
          1,
          null,
          null,
          null,
          null
        ]
      },
      "/mnt/c/Users/user/Documents/Eventure/app/controller/app.rb": {
        "lines": [
          null,
          null,
          1,
          1,
          null,
          1,
          1,
          1,
          1,
          1,
          1,
          null,
          1,
          0,
          0,
          null,
          0,
          0,
          null,
          null,
          0,
          0,
          0,
          0,
          0,
          null,
          0,
          null,
          null,
          null,
          null,
          null
        ]
      },
      "/mnt/c/Users/user/Documents/Eventure/app/controller/app_fakedata.rb": {
        "lines": [
          null,
          null,
          1,
          1,
          1,
          null,
          1,
          1,
          1,
          1,
          null,
          1,
          1,
          1,
          1,
          1,
          null,
          null,
          1,
          0,
          null,
          0,
          null,
          null,
          1,
          0,
          0,
          null,
          0,
          null,
          0,
          null,
          null,
          0,
          null,
          0,
          null,
          null,
          null,
          null,
          null,
          null,
          null,
          null,
          null,
          null,
          0,
          null,
          null,
          0,
          0,
          0,
          null,
          null,
          null,
          0,
          0,
          0,
          0,
          0,
          null,
          0,
          0,
          0,
          null,
          0,
          null,
          null,
          0,
          0,
          0,
          null,
          0,
          0,
          0,
          0,
          null,
          null,
          0,
          0,
          null,
          0,
          0,
          0,
          0,
          null,
          null,
          null,
          null,
          null,
          null
        ]
      },
      "/mnt/c/Users/user/Documents/Eventure/app/models/entities/activity.rb": {
        "lines": [
          null,
          null,
          1,
          1,
          null,
          1,
          1,
          null,
          1,
          1,
          null,
          1,
          1,
          1,
          1,
          1,
          1,
          1,
          1,
          1,
          1,
          1,
          null,
          null,
          null
        ]
      },
      "/mnt/c/Users/user/Documents/Eventure/app/models/gateways/hccg_api.rb": {
        "lines": [
          null,
          null,
          1,
          null,
          1,
          1,
          null,
          1,
          null,
          null,
          1,
          11,
          null,
          null,
          null,
          1,
          11,
          null,
          null,
          null,
          1,
          1,
          11,
          11,
          null,
          10,
          null,
          null,
          null,
          null,
          null
        ]
      },
      "/mnt/c/Users/user/Documents/Eventure/app/models/generate_yaml.rb": {
        "lines": [
          null,
          null,
          1,
          1,
          null,
          1,
          null,
          1
        ]
      },
      "/mnt/c/Users/user/Documents/Eventure/app/models/mappers/activity_mapper.rb": {
        "lines": [
          null,
          null,
          1,
          1,
          null,
          1,
          1,
          10,
          10,
          10,
          null,
          null,
          null,
          1,
          10,
          9,
          null,
          null,
          1,
          99,
          null,
          null,
          null,
          1,
          1,
          90,
          null,
          null,
          1,
          0,
          null,
          null,
          null,
          null,
          null,
          null,
          null,
          null,
          null,
          null,
          null,
          1,
          1,
          null,
          null,
          1,
          2,
          null,
          null,
          1,
          1,
          null,
          null,
          1,
          2,
          null,
          null,
          1,
          2,
          null,
          null,
          1,
          1,
          null,
          null,
          1,
          2,
          null,
          null,
          1,
          0,
          null,
          null,
          1,
          2,
          null,
          null,
          1,
          1,
          null,
          null,
          1,
          1,
          null,
          null,
          null,
          null,
          null
        ]
      }
    },
    "timestamp": 1760800632
  }
}
